<?xml version="1.0" encoding="UTF-8"?>
<testng-results ignored="0" total="1" passed="1" failed="0" skipped="0">
  <reporter-output>
  </reporter-output>
  <suite started-at="2020-10-14T20:24:58 IST" name="Default suite" finished-at="2020-10-14T20:25:07 IST" duration-ms="8949">
    <groups>
    </groups>
    <test started-at="2020-10-14T20:24:58 IST" name="Default test" finished-at="2020-10-14T20:25:07 IST" duration-ms="8949">
      <class name="google1.NewTest">
        <test-method signature="f()[pri:0, instance:google1.NewTest@c03cf28]" started-at="2020-10-14T20:24:58 IST" name="f" finished-at="2020-10-14T20:25:07 IST" duration-ms="8856" status="PASS">
          <reporter-output>
          </reporter-output>
        </test-method> <!-- f -->
      </class> <!-- google1.NewTest -->
    </test> <!-- Default test -->
  </suite> <!-- Default suite -->
</testng-results>
